running egg_info
writing ../../build/autonoomous_tb3/autonoomous_tb3.egg-info/PKG-INFO
writing dependency_links to ../../build/autonoomous_tb3/autonoomous_tb3.egg-info/dependency_links.txt
writing entry points to ../../build/autonoomous_tb3/autonoomous_tb3.egg-info/entry_points.txt
writing requirements to ../../build/autonoomous_tb3/autonoomous_tb3.egg-info/requires.txt
writing top-level names to ../../build/autonoomous_tb3/autonoomous_tb3.egg-info/top_level.txt
reading manifest file '../../build/autonoomous_tb3/autonoomous_tb3.egg-info/SOURCES.txt'
writing manifest file '../../build/autonoomous_tb3/autonoomous_tb3.egg-info/SOURCES.txt'
running build
running build_py
copying autonoomous_tb3/occupancy_grid_pub.py -> /home/aishwarya/autonomous_tb3_ws/build/autonoomous_tb3/build/lib/autonoomous_tb3
copying autonoomous_tb3/__init__.py -> /home/aishwarya/autonomous_tb3_ws/build/autonoomous_tb3/build/lib/autonoomous_tb3
running install
running install_lib
running install_data
copying resource/autonoomous_tb3 -> /home/aishwarya/autonomous_tb3_ws/install/autonoomous_tb3/share/ament_index/resource_index/packages
copying package.xml -> /home/aishwarya/autonomous_tb3_ws/install/autonoomous_tb3/share/autonoomous_tb3
running install_egg_info
removing '/home/aishwarya/autonomous_tb3_ws/install/autonoomous_tb3/lib/python3.10/site-packages/autonoomous_tb3-0.0.0-py3.10.egg-info' (and everything under it)
Copying ../../build/autonoomous_tb3/autonoomous_tb3.egg-info to /home/aishwarya/autonomous_tb3_ws/install/autonoomous_tb3/lib/python3.10/site-packages/autonoomous_tb3-0.0.0-py3.10.egg-info
running install_scripts
Installing occupancy_grid_pub script to /home/aishwarya/autonomous_tb3_ws/install/autonoomous_tb3/lib/autonoomous_tb3
writing list of installed files to '/home/aishwarya/autonomous_tb3_ws/build/autonoomous_tb3/install.log'
