[0.761s] Invoking command in '/home/aishwarya/autonomous_tb3_ws/src/autonoomous_tb3': PYTHONPATH=/home/aishwarya/autonomous_tb3_ws/build/autonoomous_tb3/prefix_override:/home/aishwarya/autonomous_tb3_ws/install/autonoomous_tb3/lib/python3.10/site-packages:${PYTHONPATH} /usr/bin/python3 -W ignore:setup.py install is deprecated setup.py egg_info --egg-base ../../build/autonoomous_tb3 build --build-base /home/aishwarya/autonomous_tb3_ws/build/autonoomous_tb3/build install --record /home/aishwarya/autonomous_tb3_ws/build/autonoomous_tb3/install.log --single-version-externally-managed install_data
[0.976s] running egg_info
[0.990s] writing ../../build/autonoomous_tb3/autonoomous_tb3.egg-info/PKG-INFO
[0.994s] writing dependency_links to ../../build/autonoomous_tb3/autonoomous_tb3.egg-info/dependency_links.txt
[0.994s] writing entry points to ../../build/autonoomous_tb3/autonoomous_tb3.egg-info/entry_points.txt
[0.994s] writing requirements to ../../build/autonoomous_tb3/autonoomous_tb3.egg-info/requires.txt
[0.994s] writing top-level names to ../../build/autonoomous_tb3/autonoomous_tb3.egg-info/top_level.txt
[1.021s] reading manifest file '../../build/autonoomous_tb3/autonoomous_tb3.egg-info/SOURCES.txt'
[1.023s] writing manifest file '../../build/autonoomous_tb3/autonoomous_tb3.egg-info/SOURCES.txt'
[1.024s] running build
[1.024s] running build_py
[1.024s] copying autonoomous_tb3/occupancy_grid_pub.py -> /home/aishwarya/autonomous_tb3_ws/build/autonoomous_tb3/build/lib/autonoomous_tb3
[1.024s] copying autonoomous_tb3/__init__.py -> /home/aishwarya/autonomous_tb3_ws/build/autonoomous_tb3/build/lib/autonoomous_tb3
[1.024s] running install
[1.030s] running install_lib
[1.046s] running install_data
[1.046s] copying resource/autonoomous_tb3 -> /home/aishwarya/autonomous_tb3_ws/install/autonoomous_tb3/share/ament_index/resource_index/packages
[1.047s] copying package.xml -> /home/aishwarya/autonomous_tb3_ws/install/autonoomous_tb3/share/autonoomous_tb3
[1.047s] running install_egg_info
[1.062s] removing '/home/aishwarya/autonomous_tb3_ws/install/autonoomous_tb3/lib/python3.10/site-packages/autonoomous_tb3-0.0.0-py3.10.egg-info' (and everything under it)
[1.062s] Copying ../../build/autonoomous_tb3/autonoomous_tb3.egg-info to /home/aishwarya/autonomous_tb3_ws/install/autonoomous_tb3/lib/python3.10/site-packages/autonoomous_tb3-0.0.0-py3.10.egg-info
[1.063s] running install_scripts
[1.201s] Installing occupancy_grid_pub script to /home/aishwarya/autonomous_tb3_ws/install/autonoomous_tb3/lib/autonoomous_tb3
[1.202s] writing list of installed files to '/home/aishwarya/autonomous_tb3_ws/build/autonoomous_tb3/install.log'
[1.230s] Invoked command in '/home/aishwarya/autonomous_tb3_ws/src/autonoomous_tb3' returned '0': PYTHONPATH=/home/aishwarya/autonomous_tb3_ws/build/autonoomous_tb3/prefix_override:/home/aishwarya/autonomous_tb3_ws/install/autonoomous_tb3/lib/python3.10/site-packages:${PYTHONPATH} /usr/bin/python3 -W ignore:setup.py install is deprecated setup.py egg_info --egg-base ../../build/autonoomous_tb3 build --build-base /home/aishwarya/autonomous_tb3_ws/build/autonoomous_tb3/build install --record /home/aishwarya/autonomous_tb3_ws/build/autonoomous_tb3/install.log --single-version-externally-managed install_data
