[0.711s] Invoking command in '/home/aishwarya/autonomous_tb3_ws/src/autonoomous_tb3': PYTHONPATH=/home/aishwarya/autonomous_tb3_ws/build/autonoomous_tb3/prefix_override:/home/aishwarya/autonomous_tb3_ws/install/autonoomous_tb3/lib/python3.10/site-packages:${PYTHONPATH} /usr/bin/python3 -W ignore:setup.py install is deprecated setup.py egg_info --egg-base ../../build/autonoomous_tb3 build --build-base /home/aishwarya/autonomous_tb3_ws/build/autonoomous_tb3/build install --record /home/aishwarya/autonomous_tb3_ws/build/autonoomous_tb3/install.log --single-version-externally-managed install_data
[0.940s] running egg_info
[0.955s] writing ../../build/autonoomous_tb3/autonoomous_tb3.egg-info/PKG-INFO
[0.955s] writing dependency_links to ../../build/autonoomous_tb3/autonoomous_tb3.egg-info/dependency_links.txt
[0.956s] writing entry points to ../../build/autonoomous_tb3/autonoomous_tb3.egg-info/entry_points.txt
[0.958s] writing requirements to ../../build/autonoomous_tb3/autonoomous_tb3.egg-info/requires.txt
[0.958s] writing top-level names to ../../build/autonoomous_tb3/autonoomous_tb3.egg-info/top_level.txt
[0.989s] reading manifest file '../../build/autonoomous_tb3/autonoomous_tb3.egg-info/SOURCES.txt'
[0.990s] writing manifest file '../../build/autonoomous_tb3/autonoomous_tb3.egg-info/SOURCES.txt'
[0.990s] running build
[0.990s] running build_py
[0.991s] copying autonoomous_tb3/occupancy_grid_pub.py -> /home/aishwarya/autonomous_tb3_ws/build/autonoomous_tb3/build/lib/autonoomous_tb3
[0.992s] copying autonoomous_tb3/__init__.py -> /home/aishwarya/autonomous_tb3_ws/build/autonoomous_tb3/build/lib/autonoomous_tb3
[0.993s] running install
[0.997s] running install_lib
[1.010s] running install_data
[1.010s] copying resource/autonoomous_tb3 -> /home/aishwarya/autonomous_tb3_ws/install/autonoomous_tb3/share/ament_index/resource_index/packages
[1.010s] copying package.xml -> /home/aishwarya/autonomous_tb3_ws/install/autonoomous_tb3/share/autonoomous_tb3
[1.011s] running install_egg_info
[1.025s] removing '/home/aishwarya/autonomous_tb3_ws/install/autonoomous_tb3/lib/python3.10/site-packages/autonoomous_tb3-0.0.0-py3.10.egg-info' (and everything under it)
[1.025s] Copying ../../build/autonoomous_tb3/autonoomous_tb3.egg-info to /home/aishwarya/autonomous_tb3_ws/install/autonoomous_tb3/lib/python3.10/site-packages/autonoomous_tb3-0.0.0-py3.10.egg-info
[1.026s] running install_scripts
[1.166s] Installing occupancy_grid_pub script to /home/aishwarya/autonomous_tb3_ws/install/autonoomous_tb3/lib/autonoomous_tb3
[1.167s] writing list of installed files to '/home/aishwarya/autonomous_tb3_ws/build/autonoomous_tb3/install.log'
[1.197s] Invoked command in '/home/aishwarya/autonomous_tb3_ws/src/autonoomous_tb3' returned '0': PYTHONPATH=/home/aishwarya/autonomous_tb3_ws/build/autonoomous_tb3/prefix_override:/home/aishwarya/autonomous_tb3_ws/install/autonoomous_tb3/lib/python3.10/site-packages:${PYTHONPATH} /usr/bin/python3 -W ignore:setup.py install is deprecated setup.py egg_info --egg-base ../../build/autonoomous_tb3 build --build-base /home/aishwarya/autonomous_tb3_ws/build/autonoomous_tb3/build install --record /home/aishwarya/autonomous_tb3_ws/build/autonoomous_tb3/install.log --single-version-externally-managed install_data
