[0.793s] Invoking command in '/home/aishwarya/autonomous_tb3_ws/src/autonoomous_tb3': PYTHONPATH=/home/aishwarya/autonomous_tb3_ws/build/autonoomous_tb3/prefix_override:/home/aishwarya/autonomous_tb3_ws/install/autonoomous_tb3/lib/python3.10/site-packages:${PYTHONPATH} /usr/bin/python3 -W ignore:setup.py install is deprecated setup.py egg_info --egg-base ../../build/autonoomous_tb3 build --build-base /home/aishwarya/autonomous_tb3_ws/build/autonoomous_tb3/build install --record /home/aishwarya/autonomous_tb3_ws/build/autonoomous_tb3/install.log --single-version-externally-managed install_data
[1.022s] running egg_info
[1.025s] creating ../../build/autonoomous_tb3/autonoomous_tb3.egg-info
[1.037s] writing ../../build/autonoomous_tb3/autonoomous_tb3.egg-info/PKG-INFO
[1.039s] writing dependency_links to ../../build/autonoomous_tb3/autonoomous_tb3.egg-info/dependency_links.txt
[1.040s] writing entry points to ../../build/autonoomous_tb3/autonoomous_tb3.egg-info/entry_points.txt
[1.041s] writing requirements to ../../build/autonoomous_tb3/autonoomous_tb3.egg-info/requires.txt
[1.041s] writing top-level names to ../../build/autonoomous_tb3/autonoomous_tb3.egg-info/top_level.txt
[1.041s] writing manifest file '../../build/autonoomous_tb3/autonoomous_tb3.egg-info/SOURCES.txt'
[1.067s] reading manifest file '../../build/autonoomous_tb3/autonoomous_tb3.egg-info/SOURCES.txt'
[1.068s] writing manifest file '../../build/autonoomous_tb3/autonoomous_tb3.egg-info/SOURCES.txt'
[1.070s] running build
[1.070s] running build_py
[1.070s] creating /home/aishwarya/autonomous_tb3_ws/build/autonoomous_tb3/build
[1.070s] creating /home/aishwarya/autonomous_tb3_ws/build/autonoomous_tb3/build/lib
[1.070s] creating /home/aishwarya/autonomous_tb3_ws/build/autonoomous_tb3/build/lib/autonoomous_tb3
[1.070s] copying autonoomous_tb3/occupancy_grid_pub.py -> /home/aishwarya/autonomous_tb3_ws/build/autonoomous_tb3/build/lib/autonoomous_tb3
[1.070s] copying autonoomous_tb3/__init__.py -> /home/aishwarya/autonomous_tb3_ws/build/autonoomous_tb3/build/lib/autonoomous_tb3
[1.070s] running install
[1.076s] running install_lib
[1.096s] creating /home/aishwarya/autonomous_tb3_ws/install/autonoomous_tb3/lib/python3.10/site-packages/autonoomous_tb3
[1.096s] copying /home/aishwarya/autonomous_tb3_ws/build/autonoomous_tb3/build/lib/autonoomous_tb3/occupancy_grid_pub.py -> /home/aishwarya/autonomous_tb3_ws/install/autonoomous_tb3/lib/python3.10/site-packages/autonoomous_tb3
[1.096s] copying /home/aishwarya/autonomous_tb3_ws/build/autonoomous_tb3/build/lib/autonoomous_tb3/__init__.py -> /home/aishwarya/autonomous_tb3_ws/install/autonoomous_tb3/lib/python3.10/site-packages/autonoomous_tb3
[1.097s] byte-compiling /home/aishwarya/autonomous_tb3_ws/install/autonoomous_tb3/lib/python3.10/site-packages/autonoomous_tb3/occupancy_grid_pub.py to occupancy_grid_pub.cpython-310.pyc
[1.098s] byte-compiling /home/aishwarya/autonomous_tb3_ws/install/autonoomous_tb3/lib/python3.10/site-packages/autonoomous_tb3/__init__.py to __init__.cpython-310.pyc
[1.099s] running install_data
[1.099s] creating /home/aishwarya/autonomous_tb3_ws/install/autonoomous_tb3/share/ament_index
[1.099s] creating /home/aishwarya/autonomous_tb3_ws/install/autonoomous_tb3/share/ament_index/resource_index
[1.099s] creating /home/aishwarya/autonomous_tb3_ws/install/autonoomous_tb3/share/ament_index/resource_index/packages
[1.100s] copying resource/autonoomous_tb3 -> /home/aishwarya/autonomous_tb3_ws/install/autonoomous_tb3/share/ament_index/resource_index/packages
[1.100s] copying package.xml -> /home/aishwarya/autonomous_tb3_ws/install/autonoomous_tb3/share/autonoomous_tb3
[1.100s] running install_egg_info
[1.119s] Copying ../../build/autonoomous_tb3/autonoomous_tb3.egg-info to /home/aishwarya/autonomous_tb3_ws/install/autonoomous_tb3/lib/python3.10/site-packages/autonoomous_tb3-0.0.0-py3.10.egg-info
[1.121s] running install_scripts
[1.273s] Installing occupancy_grid_pub script to /home/aishwarya/autonomous_tb3_ws/install/autonoomous_tb3/lib/autonoomous_tb3
[1.275s] writing list of installed files to '/home/aishwarya/autonomous_tb3_ws/build/autonoomous_tb3/install.log'
[1.314s] Invoked command in '/home/aishwarya/autonomous_tb3_ws/src/autonoomous_tb3' returned '0': PYTHONPATH=/home/aishwarya/autonomous_tb3_ws/build/autonoomous_tb3/prefix_override:/home/aishwarya/autonomous_tb3_ws/install/autonoomous_tb3/lib/python3.10/site-packages:${PYTHONPATH} /usr/bin/python3 -W ignore:setup.py install is deprecated setup.py egg_info --egg-base ../../build/autonoomous_tb3 build --build-base /home/aishwarya/autonomous_tb3_ws/build/autonoomous_tb3/build install --record /home/aishwarya/autonomous_tb3_ws/build/autonoomous_tb3/install.log --single-version-externally-managed install_data
